DEBUG 2024-07-16 09:41:50.403 UTC: 	 CRAB Client version: v3.240621
DEBUG 2024-07-16 09:41:50.403 UTC: 	 Running on: Linux login05.hep.wisc.edu 6.1.92-1.el9.elrepo.x86_64 #1 SMP PREEMPT_DYNAMIC Sat May 25 13:59:12 EDT 2024 x86_64 x86_64 x86_64 GNU/Linux - AlmaLinux 9.4 (Seafoam Ocelot)
DEBUG 2024-07-16 09:41:50.403 UTC: 	 Executing command: 'status'
DEBUG 2024-07-16 09:41:50.403 UTC: 	 Found CRAB cache file /afs/hep.wisc.edu/home/aloeliger/.crab3
ERROR 2024-07-16 09:41:50.404 UTC: 	 Cannot find .requestcache file in CRAB project directory /afs/hep.wisc.edu/cms/aloeliger/anomalyTriggerWork/comissioningCode/CMSSW_14_1_0_pre4/src/CICADADiagnostics/largerNtuples/sinceCommissioning/crab
ERROR 2024-07-16 09:41:50.405 UTC: 	 Caught ClientException exception
Traceback (most recent call last):
  File "/cvmfs/cms.cern.ch/share/cms/crab-prod/v3.240621.01/bin/crab.py", line 152, in <module>
    client()
  File "/cvmfs/cms.cern.ch/share/cms/crab-prod/v3.240621.01/bin/crab.py", line 135, in __call__
    self.cmd = sub_cmd(self.logger, args[1:])
  File "/cvmfs/cms.cern.ch/share/cms/crab-prod/v3.240621.01/lib/CRABClient/Commands/status.py", line 48, in __init__
    SubCommand.__init__(self, logger, cmdargs)
  File "/cvmfs/cms.cern.ch/share/cms/crab-prod/v3.240621.01/lib/CRABClient/Commands/SubCommand.py", line 280, in __init__
    SubCommand.validateOptions(self)
  File "/cvmfs/cms.cern.ch/share/cms/crab-prod/v3.240621.01/lib/CRABClient/Commands/SubCommand.py", line 684, in validateOptions
    self.loadLocalCache()
  File "/cvmfs/cms.cern.ch/share/cms/crab-prod/v3.240621.01/lib/CRABClient/Commands/SubCommand.py", line 531, in loadLocalCache
    raise ex
  File "/cvmfs/cms.cern.ch/share/cms/crab-prod/v3.240621.01/lib/CRABClient/Commands/SubCommand.py", line 525, in loadLocalCache
    self.cachedinfo, self.logfile = loadCache(self.requestarea, self.logger)
  File "/cvmfs/cms.cern.ch/share/cms/crab-prod/v3.240621.01/lib/CRABClient/ClientUtilities.py", line 445, in loadCache
    raise CachefileNotFoundException(msg)
CRABClient.ClientExceptions.CachefileNotFoundException: Cannot find .requestcache file in CRAB project directory /afs/hep.wisc.edu/cms/aloeliger/anomalyTriggerWork/comissioningCode/CMSSW_14_1_0_pre4/src/CICADADiagnostics/largerNtuples/sinceCommissioning/crab
INFO 2024-07-16 09:41:50.443 UTC: 	 Log file is /afs/hep.wisc.edu/cms/aloeliger/anomalyTriggerWork/comissioningCode/CMSSW_14_1_0_pre4/src/CICADADiagnostics/largerNtuples/sinceCommissioning/crab.log
